2024-11-25T18:01:56,679 [INFO ] main org.pytorch.serve.servingsdk.impl.PluginsManager -  Loading snapshot serializer plugin...
2024-11-25T18:01:56,679 [INFO ] main org.pytorch.serve.servingsdk.impl.PluginsManager -  Loading snapshot serializer plugin...
2024-11-25T18:01:56,742 [DEBUG] main org.pytorch.serve.util.ConfigManager - xpu-smi not available or failed: Cannot run program "xpu-smi": CreateProcess error=2, The system cannot find the file specified
2024-11-25T18:01:56,742 [DEBUG] main org.pytorch.serve.util.ConfigManager - xpu-smi not available or failed: Cannot run program "xpu-smi": CreateProcess error=2, The system cannot find the file specified
2024-11-25T18:01:56,742 [WARN ] main org.pytorch.serve.util.ConfigManager - Your torchserve instance can access any URL to load models. When deploying to production, make sure to limit the set of allowed_urls in config.properties
2024-11-25T18:01:56,742 [WARN ] main org.pytorch.serve.util.ConfigManager - Your torchserve instance can access any URL to load models. When deploying to production, make sure to limit the set of allowed_urls in config.properties
2024-11-25T18:01:56,836 [INFO ] main org.pytorch.serve.servingsdk.impl.PluginsManager - Initializing plugins manager...
2024-11-25T18:01:56,836 [INFO ] main org.pytorch.serve.servingsdk.impl.PluginsManager - Initializing plugins manager...
2024-11-25T18:01:56,938 [INFO ] main org.pytorch.serve.metrics.configuration.MetricConfiguration - Successfully loaded metrics configuration from C:\Users\Techm\AppData\Local\Programs\Python\Python310\Lib\site-packages/ts/configs/metrics.yaml
2024-11-25T18:01:56,938 [INFO ] main org.pytorch.serve.metrics.configuration.MetricConfiguration - Successfully loaded metrics configuration from C:\Users\Techm\AppData\Local\Programs\Python\Python310\Lib\site-packages/ts/configs/metrics.yaml
2024-11-25T18:01:57,118 [INFO ] main org.pytorch.serve.ModelServer - 
Torchserve version: 0.12.0
TS Home: C:\Users\Techm\AppData\Local\Programs\Python\Python310\Lib\site-packages
Current directory: D:\alumnx\car_price_prediction\car_price_prediction\models
Temp directory: C:\Users\Techm\AppData\Local\Temp
Metrics config path: C:\Users\Techm\AppData\Local\Programs\Python\Python310\Lib\site-packages/ts/configs/metrics.yaml
Number of GPUs: 0
Number of CPUs: 8
Max heap size: 4018 M
Python executable: C:\Users\Techm\AppData\Local\Programs\Python\Python310\python.exe
Config file: N/A
Inference address: http://127.0.0.1:8080
Management address: http://127.0.0.1:8081
Metrics address: http://127.0.0.1:8082
Model Store: D:\alumnx\car_price_prediction\car_price_prediction\models\model_store
Initial Models: car_price_prediction=car_price_prediction.mar
Log dir: D:\alumnx\car_price_prediction\car_price_prediction\models\logs
Metrics dir: D:\alumnx\car_price_prediction\car_price_prediction\models\logs
Netty threads: 0
Netty client threads: 0
Default workers per model: 8
Blacklist Regex: N/A
Maximum Response Size: 6553500
Maximum Request Size: 6553500
Limit Maximum Image Pixels: true
Prefer direct buffer: false
Allowed Urls: [file://.*|http(s)?://.*]
Custom python dependency for model allowed: false
Enable metrics API: true
Metrics mode: LOG
Disable system metrics: false
Workflow Store: D:\alumnx\car_price_prediction\car_price_prediction\models\model_store
CPP log config: N/A
Model config: N/A
System metrics command: default
Model API enabled: false
2024-11-25T18:01:57,118 [INFO ] main org.pytorch.serve.ModelServer - 
Torchserve version: 0.12.0
TS Home: C:\Users\Techm\AppData\Local\Programs\Python\Python310\Lib\site-packages
Current directory: D:\alumnx\car_price_prediction\car_price_prediction\models
Temp directory: C:\Users\Techm\AppData\Local\Temp
Metrics config path: C:\Users\Techm\AppData\Local\Programs\Python\Python310\Lib\site-packages/ts/configs/metrics.yaml
Number of GPUs: 0
Number of CPUs: 8
Max heap size: 4018 M
Python executable: C:\Users\Techm\AppData\Local\Programs\Python\Python310\python.exe
Config file: N/A
Inference address: http://127.0.0.1:8080
Management address: http://127.0.0.1:8081
Metrics address: http://127.0.0.1:8082
Model Store: D:\alumnx\car_price_prediction\car_price_prediction\models\model_store
Initial Models: car_price_prediction=car_price_prediction.mar
Log dir: D:\alumnx\car_price_prediction\car_price_prediction\models\logs
Metrics dir: D:\alumnx\car_price_prediction\car_price_prediction\models\logs
Netty threads: 0
Netty client threads: 0
Default workers per model: 8
Blacklist Regex: N/A
Maximum Response Size: 6553500
Maximum Request Size: 6553500
Limit Maximum Image Pixels: true
Prefer direct buffer: false
Allowed Urls: [file://.*|http(s)?://.*]
Custom python dependency for model allowed: false
Enable metrics API: true
Metrics mode: LOG
Disable system metrics: false
Workflow Store: D:\alumnx\car_price_prediction\car_price_prediction\models\model_store
CPP log config: N/A
Model config: N/A
System metrics command: default
Model API enabled: false
2024-11-25T18:01:57,135 [INFO ] main org.pytorch.serve.ModelServer - Loading initial models: car_price_prediction.mar
2024-11-25T18:01:57,135 [INFO ] main org.pytorch.serve.ModelServer - Loading initial models: car_price_prediction.mar
2024-11-25T18:01:57,206 [DEBUG] main org.pytorch.serve.wlm.ModelVersionedRefs - Adding new version 1.0 for model car_price_prediction
2024-11-25T18:01:57,206 [DEBUG] main org.pytorch.serve.wlm.ModelVersionedRefs - Adding new version 1.0 for model car_price_prediction
2024-11-25T18:01:57,206 [DEBUG] main org.pytorch.serve.wlm.ModelVersionedRefs - Setting default version to 1.0 for model car_price_prediction
2024-11-25T18:01:57,206 [DEBUG] main org.pytorch.serve.wlm.ModelVersionedRefs - Setting default version to 1.0 for model car_price_prediction
2024-11-25T18:01:57,206 [INFO ] main org.pytorch.serve.wlm.ModelManager - Model car_price_prediction loaded.
2024-11-25T18:01:57,206 [INFO ] main org.pytorch.serve.wlm.ModelManager - Model car_price_prediction loaded.
2024-11-25T18:01:57,207 [DEBUG] main org.pytorch.serve.wlm.ModelManager - updateModel: car_price_prediction, count: 8
2024-11-25T18:01:57,207 [DEBUG] main org.pytorch.serve.wlm.ModelManager - updateModel: car_price_prediction, count: 8
2024-11-25T18:01:57,225 [DEBUG] W-9000-car_price_prediction_1.0 org.pytorch.serve.wlm.WorkerLifeCycle - Worker cmdline: [C:\Users\Techm\AppData\Local\Programs\Python\Python310\python.exe, C:\Users\Techm\AppData\Local\Programs\Python\Python310\Lib\site-packages\ts\model_service_worker.py, --sock-type, tcp, --port, 9000, --metrics-config, C:\Users\Techm\AppData\Local\Programs\Python\Python310\Lib\site-packages/ts/configs/metrics.yaml]
2024-11-25T18:01:57,226 [DEBUG] W-9004-car_price_prediction_1.0 org.pytorch.serve.wlm.WorkerLifeCycle - Worker cmdline: [C:\Users\Techm\AppData\Local\Programs\Python\Python310\python.exe, C:\Users\Techm\AppData\Local\Programs\Python\Python310\Lib\site-packages\ts\model_service_worker.py, --sock-type, tcp, --port, 9004, --metrics-config, C:\Users\Techm\AppData\Local\Programs\Python\Python310\Lib\site-packages/ts/configs/metrics.yaml]
2024-11-25T18:01:57,227 [INFO ] main org.pytorch.serve.ModelServer - Initialize Inference server with: NioServerSocketChannel.
2024-11-25T18:01:57,225 [DEBUG] W-9000-car_price_prediction_1.0 org.pytorch.serve.wlm.WorkerLifeCycle - Worker cmdline: [C:\Users\Techm\AppData\Local\Programs\Python\Python310\python.exe, C:\Users\Techm\AppData\Local\Programs\Python\Python310\Lib\site-packages\ts\model_service_worker.py, --sock-type, tcp, --port, 9000, --metrics-config, C:\Users\Techm\AppData\Local\Programs\Python\Python310\Lib\site-packages/ts/configs/metrics.yaml]
2024-11-25T18:01:57,227 [INFO ] main org.pytorch.serve.ModelServer - Initialize Inference server with: NioServerSocketChannel.
2024-11-25T18:01:57,226 [DEBUG] W-9004-car_price_prediction_1.0 org.pytorch.serve.wlm.WorkerLifeCycle - Worker cmdline: [C:\Users\Techm\AppData\Local\Programs\Python\Python310\python.exe, C:\Users\Techm\AppData\Local\Programs\Python\Python310\Lib\site-packages\ts\model_service_worker.py, --sock-type, tcp, --port, 9004, --metrics-config, C:\Users\Techm\AppData\Local\Programs\Python\Python310\Lib\site-packages/ts/configs/metrics.yaml]
2024-11-25T18:01:57,232 [DEBUG] W-9002-car_price_prediction_1.0 org.pytorch.serve.wlm.WorkerLifeCycle - Worker cmdline: [C:\Users\Techm\AppData\Local\Programs\Python\Python310\python.exe, C:\Users\Techm\AppData\Local\Programs\Python\Python310\Lib\site-packages\ts\model_service_worker.py, --sock-type, tcp, --port, 9002, --metrics-config, C:\Users\Techm\AppData\Local\Programs\Python\Python310\Lib\site-packages/ts/configs/metrics.yaml]
2024-11-25T18:01:57,235 [DEBUG] W-9007-car_price_prediction_1.0 org.pytorch.serve.wlm.WorkerLifeCycle - Worker cmdline: [C:\Users\Techm\AppData\Local\Programs\Python\Python310\python.exe, C:\Users\Techm\AppData\Local\Programs\Python\Python310\Lib\site-packages\ts\model_service_worker.py, --sock-type, tcp, --port, 9007, --metrics-config, C:\Users\Techm\AppData\Local\Programs\Python\Python310\Lib\site-packages/ts/configs/metrics.yaml]
2024-11-25T18:01:57,235 [DEBUG] W-9003-car_price_prediction_1.0 org.pytorch.serve.wlm.WorkerLifeCycle - Worker cmdline: [C:\Users\Techm\AppData\Local\Programs\Python\Python310\python.exe, C:\Users\Techm\AppData\Local\Programs\Python\Python310\Lib\site-packages\ts\model_service_worker.py, --sock-type, tcp, --port, 9003, --metrics-config, C:\Users\Techm\AppData\Local\Programs\Python\Python310\Lib\site-packages/ts/configs/metrics.yaml]
2024-11-25T18:01:57,235 [DEBUG] W-9001-car_price_prediction_1.0 org.pytorch.serve.wlm.WorkerLifeCycle - Worker cmdline: [C:\Users\Techm\AppData\Local\Programs\Python\Python310\python.exe, C:\Users\Techm\AppData\Local\Programs\Python\Python310\Lib\site-packages\ts\model_service_worker.py, --sock-type, tcp, --port, 9001, --metrics-config, C:\Users\Techm\AppData\Local\Programs\Python\Python310\Lib\site-packages/ts/configs/metrics.yaml]
2024-11-25T18:01:57,235 [DEBUG] W-9005-car_price_prediction_1.0 org.pytorch.serve.wlm.WorkerLifeCycle - Worker cmdline: [C:\Users\Techm\AppData\Local\Programs\Python\Python310\python.exe, C:\Users\Techm\AppData\Local\Programs\Python\Python310\Lib\site-packages\ts\model_service_worker.py, --sock-type, tcp, --port, 9005, --metrics-config, C:\Users\Techm\AppData\Local\Programs\Python\Python310\Lib\site-packages/ts/configs/metrics.yaml]
2024-11-25T18:01:57,235 [DEBUG] W-9006-car_price_prediction_1.0 org.pytorch.serve.wlm.WorkerLifeCycle - Worker cmdline: [C:\Users\Techm\AppData\Local\Programs\Python\Python310\python.exe, C:\Users\Techm\AppData\Local\Programs\Python\Python310\Lib\site-packages\ts\model_service_worker.py, --sock-type, tcp, --port, 9006, --metrics-config, C:\Users\Techm\AppData\Local\Programs\Python\Python310\Lib\site-packages/ts/configs/metrics.yaml]
2024-11-25T18:01:57,232 [DEBUG] W-9002-car_price_prediction_1.0 org.pytorch.serve.wlm.WorkerLifeCycle - Worker cmdline: [C:\Users\Techm\AppData\Local\Programs\Python\Python310\python.exe, C:\Users\Techm\AppData\Local\Programs\Python\Python310\Lib\site-packages\ts\model_service_worker.py, --sock-type, tcp, --port, 9002, --metrics-config, C:\Users\Techm\AppData\Local\Programs\Python\Python310\Lib\site-packages/ts/configs/metrics.yaml]
2024-11-25T18:01:57,235 [DEBUG] W-9006-car_price_prediction_1.0 org.pytorch.serve.wlm.WorkerLifeCycle - Worker cmdline: [C:\Users\Techm\AppData\Local\Programs\Python\Python310\python.exe, C:\Users\Techm\AppData\Local\Programs\Python\Python310\Lib\site-packages\ts\model_service_worker.py, --sock-type, tcp, --port, 9006, --metrics-config, C:\Users\Techm\AppData\Local\Programs\Python\Python310\Lib\site-packages/ts/configs/metrics.yaml]
2024-11-25T18:01:57,235 [DEBUG] W-9001-car_price_prediction_1.0 org.pytorch.serve.wlm.WorkerLifeCycle - Worker cmdline: [C:\Users\Techm\AppData\Local\Programs\Python\Python310\python.exe, C:\Users\Techm\AppData\Local\Programs\Python\Python310\Lib\site-packages\ts\model_service_worker.py, --sock-type, tcp, --port, 9001, --metrics-config, C:\Users\Techm\AppData\Local\Programs\Python\Python310\Lib\site-packages/ts/configs/metrics.yaml]
2024-11-25T18:01:57,235 [DEBUG] W-9005-car_price_prediction_1.0 org.pytorch.serve.wlm.WorkerLifeCycle - Worker cmdline: [C:\Users\Techm\AppData\Local\Programs\Python\Python310\python.exe, C:\Users\Techm\AppData\Local\Programs\Python\Python310\Lib\site-packages\ts\model_service_worker.py, --sock-type, tcp, --port, 9005, --metrics-config, C:\Users\Techm\AppData\Local\Programs\Python\Python310\Lib\site-packages/ts/configs/metrics.yaml]
2024-11-25T18:01:57,235 [DEBUG] W-9003-car_price_prediction_1.0 org.pytorch.serve.wlm.WorkerLifeCycle - Worker cmdline: [C:\Users\Techm\AppData\Local\Programs\Python\Python310\python.exe, C:\Users\Techm\AppData\Local\Programs\Python\Python310\Lib\site-packages\ts\model_service_worker.py, --sock-type, tcp, --port, 9003, --metrics-config, C:\Users\Techm\AppData\Local\Programs\Python\Python310\Lib\site-packages/ts/configs/metrics.yaml]
2024-11-25T18:01:57,235 [DEBUG] W-9007-car_price_prediction_1.0 org.pytorch.serve.wlm.WorkerLifeCycle - Worker cmdline: [C:\Users\Techm\AppData\Local\Programs\Python\Python310\python.exe, C:\Users\Techm\AppData\Local\Programs\Python\Python310\Lib\site-packages\ts\model_service_worker.py, --sock-type, tcp, --port, 9007, --metrics-config, C:\Users\Techm\AppData\Local\Programs\Python\Python310\Lib\site-packages/ts/configs/metrics.yaml]
2024-11-25T18:01:59,757 [INFO ] main org.pytorch.serve.ModelServer - Torchserve stopped.
2024-11-25T18:01:59,757 [INFO ] main org.pytorch.serve.ModelServer - Torchserve stopped.
